[2022-06-27 16:01:15.531] [info] Loaded model 2D_gait from file 2D_gait.osim
[2022-06-27 16:01:16.461] [info] Loaded model 2D_gait from file 2D_gait.osim
[2022-06-27 16:01:16.805] [info] ========================================================================
[2022-06-27 16:01:16.805] [info] MocoCasADiSolver starting.
[2022-06-27 16:01:16.806] [info] Mon Jun 27 16:01:16 2022
[2022-06-27 16:01:16.806] [info] ------------------------------------------------------------------------
[2022-06-27 16:01:16.806] [cout] [info] Costs: (total: 3)
[2022-06-27 16:01:16.806] [cout] [info]   state_tracking. MocoStateTrackingGoal, enabled: true, mode: cost, weight: 1.0
[2022-06-27 16:01:16.806] [cout] [info]         state: /jointset/groundPelvis/pelvis_tilt/value, weight: 1.0
[2022-06-27 16:01:16.806] [cout] [info]         state: /jointset/groundPelvis/pelvis_tx/value, weight: 1.0
[2022-06-27 16:01:16.806] [cout] [info]         state: /jointset/groundPelvis/pelvis_ty/value, weight: 1.0
[2022-06-27 16:01:16.806] [cout] [info]         state: /jointset/hip_l/hip_flexion_l/value, weight: 1.0
[2022-06-27 16:01:16.806] [cout] [info]         state: /jointset/hip_r/hip_flexion_r/value, weight: 1.0
[2022-06-27 16:01:16.806] [cout] [info]         state: /jointset/knee_l/knee_angle_l/value, weight: 1.0
[2022-06-27 16:01:16.806] [cout] [info]         state: /jointset/knee_r/knee_angle_r/value, weight: 1.0
[2022-06-27 16:01:16.806] [cout] [info]         state: /jointset/ankle_l/ankle_angle_l/value, weight: 1.0
[2022-06-27 16:01:16.806] [cout] [info]         state: /jointset/ankle_r/ankle_angle_r/value, weight: 1.0
[2022-06-27 16:01:16.806] [cout] [info]         state: /jointset/lumbar/lumbar/value, weight: 1.0
[2022-06-27 16:01:16.806] [cout] [info]         state: /jointset/groundPelvis/pelvis_tilt/speed, weight: 1.0
[2022-06-27 16:01:16.806] [cout] [info]         state: /jointset/groundPelvis/pelvis_tx/speed, weight: 1.0
[2022-06-27 16:01:16.806] [cout] [info]         state: /jointset/groundPelvis/pelvis_ty/speed, weight: 1.0
[2022-06-27 16:01:16.806] [cout] [info]         state: /jointset/hip_l/hip_flexion_l/speed, weight: 1.0
[2022-06-27 16:01:16.806] [cout] [info]         state: /jointset/hip_r/hip_flexion_r/speed, weight: 1.0
[2022-06-27 16:01:16.806] [cout] [info]         state: /jointset/knee_l/knee_angle_l/speed, weight: 1.0
[2022-06-27 16:01:16.806] [cout] [info]         state: /jointset/knee_r/knee_angle_r/speed, weight: 1.0
[2022-06-27 16:01:16.806] [cout] [info]         state: /jointset/ankle_l/ankle_angle_l/speed, weight: 1.0
[2022-06-27 16:01:16.806] [cout] [info]         state: /jointset/ankle_r/ankle_angle_r/speed, weight: 1.0
[2022-06-27 16:01:16.806] [cout] [info]         state: /jointset/lumbar/lumbar/speed, weight: 1.0
[2022-06-27 16:01:16.806] [cout] [info]   control_effort. MocoControlGoal, enabled: true, mode: cost, weight: 10.0
[2022-06-27 16:01:16.806] [cout] [info]         control: /lumbarAct, weight: 1.0
[2022-06-27 16:01:16.806] [cout] [info]         control: /hamstrings_r, weight: 1.0
[2022-06-27 16:01:16.806] [cout] [info]         control: /bifemsh_r, weight: 1.0
[2022-06-27 16:01:16.806] [cout] [info]         control: /glut_max_r, weight: 1.0
[2022-06-27 16:01:16.806] [cout] [info]         control: /iliopsoas_r, weight: 1.0
[2022-06-27 16:01:16.806] [cout] [info]         control: /rect_fem_r, weight: 1.0
[2022-06-27 16:01:16.806] [cout] [info]         control: /vasti_r, weight: 1.0
[2022-06-27 16:01:16.806] [cout] [info]         control: /gastroc_r, weight: 1.0
[2022-06-27 16:01:16.806] [cout] [info]         control: /soleus_r, weight: 1.0
[2022-06-27 16:01:16.806] [cout] [info]         control: /tib_ant_r, weight: 1.0
[2022-06-27 16:01:16.806] [cout] [info]         control: /hamstrings_l, weight: 1.0
[2022-06-27 16:01:16.806] [cout] [info]         control: /bifemsh_l, weight: 1.0
[2022-06-27 16:01:16.806] [cout] [info]         control: /glut_max_l, weight: 1.0
[2022-06-27 16:01:16.807] [cout] [info]         control: /iliopsoas_l, weight: 1.0
[2022-06-27 16:01:16.807] [cout] [info]         control: /rect_fem_l, weight: 1.0
[2022-06-27 16:01:16.807] [cout] [info]         control: /vasti_l, weight: 1.0
[2022-06-27 16:01:16.807] [cout] [info]         control: /gastroc_l, weight: 1.0
[2022-06-27 16:01:16.807] [cout] [info]         control: /soleus_l, weight: 1.0
[2022-06-27 16:01:16.807] [cout] [info]         control: /tib_ant_l, weight: 1.0
[2022-06-27 16:01:16.807] [cout] [info]   contact. MocoContactTrackingGoal, enabled: true, mode: cost, weight: 1.0
[2022-06-27 16:01:16.807] [cout] [info]         projection type: plane
[2022-06-27 16:01:16.807] [cout] [info]         projection vector: ~[0,0,1]
[2022-06-27 16:01:16.807] [cout] [info]         group 0: ExternalForce: Right_GRF
[2022-06-27 16:01:16.807] [cout] [info]             forces:
[2022-06-27 16:01:16.807] [cout] [info]                 contactHeel_r
[2022-06-27 16:01:16.807] [cout] [info]                 contactFront_r
[2022-06-27 16:01:16.807] [cout] [info]         group 1: ExternalForce: Left_GRF
[2022-06-27 16:01:16.807] [cout] [info]             forces:
[2022-06-27 16:01:16.807] [cout] [info]                 contactHeel_l
[2022-06-27 16:01:16.807] [cout] [info]                 contactFront_l
[2022-06-27 16:01:16.807] [cout] [info] Endpoint constraints: (total: 1)
[2022-06-27 16:01:16.807] [cout] [info]   symmetry_goal. MocoPeriodicityGoal, enabled: true, mode: endpoint_constraint
[2022-06-27 16:01:16.807] [cout] [info]         state periodicity pairs:
[2022-06-27 16:01:16.807] [cout] [info]                 initial: /hamstrings_r/activation, final: /hamstrings_l/activation
[2022-06-27 16:01:16.807] [cout] [info]                 initial: /bifemsh_r/activation, final: /bifemsh_l/activation
[2022-06-27 16:01:16.807] [cout] [info]                 initial: /glut_max_r/activation, final: /glut_max_l/activation
[2022-06-27 16:01:16.807] [cout] [info]                 initial: /iliopsoas_r/activation, final: /iliopsoas_l/activation
[2022-06-27 16:01:16.807] [cout] [info]                 initial: /rect_fem_r/activation, final: /rect_fem_l/activation
[2022-06-27 16:01:16.807] [cout] [info]                 initial: /vasti_r/activation, final: /vasti_l/activation
[2022-06-27 16:01:16.808] [cout] [info]                 initial: /gastroc_r/activation, final: /gastroc_l/activation
[2022-06-27 16:01:16.808] [cout] [info]                 initial: /soleus_r/activation, final: /soleus_l/activation
[2022-06-27 16:01:16.808] [cout] [info]                 initial: /tib_ant_r/activation, final: /tib_ant_l/activation
[2022-06-27 16:01:16.808] [cout] [info]                 initial: /hamstrings_l/activation, final: /hamstrings_r/activation
[2022-06-27 16:01:16.808] [cout] [info]                 initial: /bifemsh_l/activation, final: /bifemsh_r/activation
[2022-06-27 16:01:16.808] [cout] [info]                 initial: /glut_max_l/activation, final: /glut_max_r/activation
[2022-06-27 16:01:16.808] [cout] [info]                 initial: /iliopsoas_l/activation, final: /iliopsoas_r/activation
[2022-06-27 16:01:16.808] [cout] [info]                 initial: /rect_fem_l/activation, final: /rect_fem_r/activation
[2022-06-27 16:01:16.808] [cout] [info]                 initial: /vasti_l/activation, final: /vasti_r/activation
[2022-06-27 16:01:16.808] [cout] [info]                 initial: /gastroc_l/activation, final: /gastroc_r/activation
[2022-06-27 16:01:16.808] [cout] [info]                 initial: /soleus_l/activation, final: /soleus_r/activation
[2022-06-27 16:01:16.808] [cout] [info]                 initial: /tib_ant_l/activation, final: /tib_ant_r/activation
[2022-06-27 16:01:16.808] [cout] [info]                 initial: /jointset/groundPelvis/pelvis_tilt/value, final: /jointset/groundPelvis/pelvis_tilt/value
[2022-06-27 16:01:16.808] [cout] [info]                 initial: /jointset/groundPelvis/pelvis_tilt/speed, final: /jointset/groundPelvis/pelvis_tilt/speed
[2022-06-27 16:01:16.808] [cout] [info]                 initial: /jointset/groundPelvis/pelvis_ty/value, final: /jointset/groundPelvis/pelvis_ty/value
[2022-06-27 16:01:16.808] [cout] [info]                 initial: /jointset/groundPelvis/pelvis_ty/speed, final: /jointset/groundPelvis/pelvis_ty/speed
[2022-06-27 16:01:16.808] [cout] [info]                 initial: /jointset/hip_l/hip_flexion_l/value, final: /jointset/hip_r/hip_flexion_r/value
[2022-06-27 16:01:16.808] [cout] [info]                 initial: /jointset/hip_l/hip_flexion_l/speed, final: /jointset/hip_r/hip_flexion_r/speed
[2022-06-27 16:01:16.808] [cout] [info]                 initial: /jointset/hip_r/hip_flexion_r/value, final: /jointset/hip_l/hip_flexion_l/value
[2022-06-27 16:01:16.808] [cout] [info]                 initial: /jointset/hip_r/hip_flexion_r/speed, final: /jointset/hip_l/hip_flexion_l/speed
[2022-06-27 16:01:16.808] [cout] [info]                 initial: /jointset/knee_l/knee_angle_l/value, final: /jointset/knee_r/knee_angle_r/value
[2022-06-27 16:01:16.808] [cout] [info]                 initial: /jointset/knee_l/knee_angle_l/speed, final: /jointset/knee_r/knee_angle_r/speed
[2022-06-27 16:01:16.808] [cout] [info]                 initial: /jointset/knee_r/knee_angle_r/value, final: /jointset/knee_l/knee_angle_l/value
[2022-06-27 16:01:16.808] [cout] [info]                 initial: /jointset/knee_r/knee_angle_r/speed, final: /jointset/knee_l/knee_angle_l/speed
[2022-06-27 16:01:16.808] [cout] [info]                 initial: /jointset/ankle_l/ankle_angle_l/value, final: /jointset/ankle_r/ankle_angle_r/value
[2022-06-27 16:01:16.808] [cout] [info]                 initial: /jointset/ankle_l/ankle_angle_l/speed, final: /jointset/ankle_r/ankle_angle_r/speed
[2022-06-27 16:01:16.808] [cout] [info]                 initial: /jointset/ankle_r/ankle_angle_r/value, final: /jointset/ankle_l/ankle_angle_l/value
[2022-06-27 16:01:16.808] [cout] [info]                 initial: /jointset/ankle_r/ankle_angle_r/speed, final: /jointset/ankle_l/ankle_angle_l/speed
[2022-06-27 16:01:16.808] [cout] [info]                 initial: /jointset/lumbar/lumbar/value, final: /jointset/lumbar/lumbar/value
[2022-06-27 16:01:16.808] [cout] [info]                 initial: /jointset/lumbar/lumbar/speed, final: /jointset/lumbar/lumbar/speed
[2022-06-27 16:01:16.808] [cout] [info]                 initial: /jointset/groundPelvis/pelvis_tx/speed, final: /jointset/groundPelvis/pelvis_tx/speed
[2022-06-27 16:01:16.808] [cout] [info]         control periodicity pairs:
[2022-06-27 16:01:16.808] [cout] [info]                 initial: /lumbarAct, final: /lumbarAct
[2022-06-27 16:01:16.808] [cout] [info] Kinematic constraints: none
[2022-06-27 16:01:16.808] [cout] [info] Path constraints: none
[2022-06-27 16:01:16.808] [cout] [info] States: (total: 38)
[2022-06-27 16:01:16.808] [cout] [info]   /jointset/groundPelvis/pelvis_ty/value. bounds: [0.75, 1.25]
[2022-06-27 16:01:16.808] [cout] [info]   /gastroc_l/activation. bounds: [0.01, 1]
[2022-06-27 16:01:16.808] [cout] [info]   /jointset/groundPelvis/pelvis_tilt/value. bounds: [-0.349066, -0.174533]
[2022-06-27 16:01:16.808] [cout] [info]   /jointset/knee_l/knee_angle_l/value. bounds: [-0.872665, 0]
[2022-06-27 16:01:16.808] [cout] [info]   /jointset/knee_r/knee_angle_r/value. bounds: [-0.872665, 0]
[2022-06-27 16:01:16.808] [cout] [info]   /jointset/groundPelvis/pelvis_tx/value. bounds: [0, 1]
[2022-06-27 16:01:16.808] [cout] [info]   /jointset/hip_r/hip_flexion_r/value. bounds: [-0.174533, 1.0472]
[2022-06-27 16:01:16.808] [cout] [info]   /jointset/ankle_r/ankle_angle_r/value. bounds: [-0.261799, 0.436332]
[2022-06-27 16:01:16.808] [cout] [info]   /jointset/knee_l/knee_angle_l/speed. bounds: [-50, 50]
[2022-06-27 16:01:16.808] [cout] [info]   /jointset/hip_l/hip_flexion_l/value. bounds: [-0.174533, 1.0472]
[2022-06-27 16:01:16.808] [cout] [info]   /jointset/knee_r/knee_angle_r/speed. bounds: [-50, 50]
[2022-06-27 16:01:16.808] [cout] [info]   /jointset/ankle_l/ankle_angle_l/value. bounds: [-0.261799, 0.436332]
[2022-06-27 16:01:16.808] [cout] [info]   /jointset/lumbar/lumbar/value. bounds: [0, 0.349066]
[2022-06-27 16:01:16.808] [cout] [info]   /jointset/groundPelvis/pelvis_tilt/speed. bounds: [-50, 50]
[2022-06-27 16:01:16.808] [cout] [info]   /jointset/groundPelvis/pelvis_tx/speed. bounds: [-50, 50]
[2022-06-27 16:01:16.808] [cout] [info]   /jointset/groundPelvis/pelvis_ty/speed. bounds: [-50, 50]
[2022-06-27 16:01:16.808] [cout] [info]   /jointset/hip_l/hip_flexion_l/speed. bounds: [-50, 50]
[2022-06-27 16:01:16.808] [cout] [info]   /jointset/ankle_r/ankle_angle_r/speed. bounds: [-50, 50]
[2022-06-27 16:01:16.808] [cout] [info]   /jointset/hip_r/hip_flexion_r/speed. bounds: [-50, 50]
[2022-06-27 16:01:16.808] [cout] [info]   /jointset/ankle_l/ankle_angle_l/speed. bounds: [-50, 50]
[2022-06-27 16:01:16.808] [cout] [info]   /jointset/lumbar/lumbar/speed. bounds: [-50, 50]
[2022-06-27 16:01:16.808] [cout] [info]   /hamstrings_r/activation. bounds: [0.01, 1]
[2022-06-27 16:01:16.808] [cout] [info]   /bifemsh_r/activation. bounds: [0.01, 1]
[2022-06-27 16:01:16.808] [cout] [info]   /glut_max_r/activation. bounds: [0.01, 1]
[2022-06-27 16:01:16.808] [cout] [info]   /iliopsoas_r/activation. bounds: [0.01, 1]
[2022-06-27 16:01:16.808] [cout] [info]   /rect_fem_r/activation. bounds: [0.01, 1]
[2022-06-27 16:01:16.808] [cout] [info]   /tib_ant_r/activation. bounds: [0.01, 1]
[2022-06-27 16:01:16.808] [cout] [info]   /vasti_r/activation. bounds: [0.01, 1]
[2022-06-27 16:01:16.808] [cout] [info]   /gastroc_r/activation. bounds: [0.01, 1]
[2022-06-27 16:01:16.809] [cout] [info]   /soleus_r/activation. bounds: [0.01, 1]
[2022-06-27 16:01:16.809] [cout] [info]   /hamstrings_l/activation. bounds: [0.01, 1]
[2022-06-27 16:01:16.809] [cout] [info]   /bifemsh_l/activation. bounds: [0.01, 1]
[2022-06-27 16:01:16.809] [cout] [info]   /glut_max_l/activation. bounds: [0.01, 1]
[2022-06-27 16:01:16.809] [cout] [info]   /iliopsoas_l/activation. bounds: [0.01, 1]
[2022-06-27 16:01:16.809] [cout] [info]   /rect_fem_l/activation. bounds: [0.01, 1]
[2022-06-27 16:01:16.809] [cout] [info]   /tib_ant_l/activation. bounds: [0.01, 1]
[2022-06-27 16:01:16.809] [cout] [info]   /vasti_l/activation. bounds: [0.01, 1]
[2022-06-27 16:01:16.809] [cout] [info]   /soleus_l/activation. bounds: [0.01, 1]
[2022-06-27 16:01:16.809] [cout] [info] Controls: (total: 19)
[2022-06-27 16:01:16.809] [cout] [info]   /hamstrings_r. bounds: [0.01, 1]
[2022-06-27 16:01:16.809] [cout] [info]   /lumbarAct. bounds: [-150, 150]
[2022-06-27 16:01:16.809] [cout] [info]   /bifemsh_r. bounds: [0.01, 1]
[2022-06-27 16:01:16.809] [cout] [info]   /glut_max_r. bounds: [0.01, 1]
[2022-06-27 16:01:16.809] [cout] [info]   /tib_ant_r. bounds: [0.01, 1]
[2022-06-27 16:01:16.809] [cout] [info]   /vasti_r. bounds: [0.01, 1]
[2022-06-27 16:01:16.809] [cout] [info]   /rect_fem_r. bounds: [0.01, 1]
[2022-06-27 16:01:16.809] [cout] [info]   /iliopsoas_r. bounds: [0.01, 1]
[2022-06-27 16:01:16.809] [cout] [info]   /gastroc_r. bounds: [0.01, 1]
[2022-06-27 16:01:16.809] [cout] [info]   /soleus_r. bounds: [0.01, 1]
[2022-06-27 16:01:16.809] [cout] [info]   /hamstrings_l. bounds: [0.01, 1]
[2022-06-27 16:01:16.809] [cout] [info]   /bifemsh_l. bounds: [0.01, 1]
[2022-06-27 16:01:16.809] [cout] [info]   /glut_max_l. bounds: [0.01, 1]
[2022-06-27 16:01:16.809] [cout] [info]   /iliopsoas_l. bounds: [0.01, 1]
[2022-06-27 16:01:16.809] [cout] [info]   /rect_fem_l. bounds: [0.01, 1]
[2022-06-27 16:01:16.809] [cout] [info]   /tib_ant_l. bounds: [0.01, 1]
[2022-06-27 16:01:16.809] [cout] [info]   /vasti_l. bounds: [0.01, 1]
[2022-06-27 16:01:16.809] [cout] [info]   /gastroc_l. bounds: [0.01, 1]
[2022-06-27 16:01:16.809] [cout] [info]   /soleus_l. bounds: [0.01, 1]
[2022-06-27 16:01:16.809] [cout] [info] Parameters: none
[2022-06-27 16:01:17.416] [info] Number of threads: 8
[2022-06-27 16:03:58.438] [info] Set log level to Info.
[2022-06-27 16:03:58.443] [info] ------------------------------------------------------------------------
[2022-06-27 16:03:58.444] [info] Elapsed real time: 162 second(s) (2 minute(s), 42 second(s)).
[2022-06-27 16:03:58.444] [info] Mon Jun 27 16:03:58 2022
[2022-06-27 16:03:58.444] [info] MocoCasADiSolver succeeded!
[2022-06-27 16:03:58.444] [info] ========================================================================
