[2022-07-08 10:09:28.622] [info] Loaded model FAILT01 from file FAILT01.osim
[2022-07-08 10:09:28.625] [warning] Couldn't find file 'l_pat.vtp'.
[2022-07-08 10:09:28.857] [info] ExternalLoads 'ExternalLoads' was renamed and is being reset to 'externalloads'.
[2022-07-08 10:09:28.980] [info] Storage: read data file = FAILT01_SDP01_grf.mot (nr=4460 nc=19)
[2022-07-08 10:09:29.030] [info] ExternalForce::Right Data source being set to FAILT01_SDP01_grf.mot
[2022-07-08 10:09:29.030] [info] ExternalForce::Left Data source being set to FAILT01_SDP01_grf.mot
[2022-07-08 10:09:29.039] [info] Storage: read data file = FAILT01_SDP01_grf.mot (nr=4460 nc=19)
[2022-07-08 10:09:29.089] [info] ExternalForce::Right Data source being set to FAILT01_SDP01_grf.mot
[2022-07-08 10:09:29.091] [info] ExternalForce::Left Data source being set to FAILT01_SDP01_grf.mot
[2022-07-08 10:09:34.048] [info] Storage: read data file = FAILT01_SDP01_grf.mot (nr=4460 nc=19)
[2022-07-08 10:09:34.098] [info] ExternalForce::Right Data source being set to FAILT01_SDP01_grf.mot
[2022-07-08 10:09:34.098] [info] ExternalForce::Left Data source being set to FAILT01_SDP01_grf.mot
[2022-07-08 10:09:34.132] [info] Storage: read data file = FAILT01_SDP01_grf.mot (nr=4460 nc=19)
[2022-07-08 10:09:34.182] [info] ExternalForce::Right Data source being set to FAILT01_SDP01_grf.mot
[2022-07-08 10:09:34.182] [info] ExternalForce::Left Data source being set to FAILT01_SDP01_grf.mot
[2022-07-08 10:09:34.193] [info] Adding reserve actuators with an optimal force of 1.0...
[2022-07-08 10:09:34.221] [info] Storage: read data file = FAILT01_SDP01_grf.mot (nr=4460 nc=19)
[2022-07-08 10:09:34.271] [info] ExternalForce::Right Data source being set to FAILT01_SDP01_grf.mot
[2022-07-08 10:09:34.272] [info] ExternalForce::Left Data source being set to FAILT01_SDP01_grf.mot
[2022-07-08 10:09:34.449] [info] Storage: read data file = FAILT01_SDP01_grf.mot (nr=4460 nc=19)
[2022-07-08 10:09:34.500] [info] ExternalForce::Right Data source being set to FAILT01_SDP01_grf.mot
[2022-07-08 10:09:34.500] [info] ExternalForce::Left Data source being set to FAILT01_SDP01_grf.mot
[2022-07-08 10:09:34.510] [info] Added 16 reserve actuator(s), for each of the following coordinates:
[2022-07-08 10:09:34.510] [info]   /jointset/ground_pelvis/pelvis_tilt
[2022-07-08 10:09:34.510] [info]   /jointset/ground_pelvis/pelvis_list
[2022-07-08 10:09:34.510] [info]   /jointset/ground_pelvis/pelvis_rotation
[2022-07-08 10:09:34.510] [info]   /jointset/ground_pelvis/pelvis_tx
[2022-07-08 10:09:34.510] [info]   /jointset/ground_pelvis/pelvis_ty
[2022-07-08 10:09:34.510] [info]   /jointset/ground_pelvis/pelvis_tz
[2022-07-08 10:09:34.510] [info]   /jointset/hip_r/hip_flexion_r
[2022-07-08 10:09:34.510] [info]   /jointset/hip_r/hip_adduction_r
[2022-07-08 10:09:34.510] [info]   /jointset/hip_r/hip_rotation_r
[2022-07-08 10:09:34.510] [info]   /jointset/walker_knee_r/knee_angle_r
[2022-07-08 10:09:34.510] [info]   /jointset/ankle_r/ankle_angle_r
[2022-07-08 10:09:34.510] [info]   /jointset/hip_l/hip_flexion_l
[2022-07-08 10:09:34.510] [info]   /jointset/hip_l/hip_adduction_l
[2022-07-08 10:09:34.510] [info]   /jointset/hip_l/hip_rotation_l
[2022-07-08 10:09:34.510] [info]   /jointset/walker_knee_l/knee_angle_l
[2022-07-08 10:09:34.510] [info]   /jointset/ankle_l/ankle_angle_l
[2022-07-08 10:09:34.532] [info] Storage: read data file = FAILT01_SDP01_grf.mot (nr=4460 nc=19)
[2022-07-08 10:09:34.582] [info] ExternalForce::Right Data source being set to FAILT01_SDP01_grf.mot
[2022-07-08 10:09:34.582] [info] ExternalForce::Left Data source being set to FAILT01_SDP01_grf.mot
[2022-07-08 10:09:34.623] [info] Storage: read data file = FAILT01_SDP01_grf.mot (nr=4460 nc=19)
[2022-07-08 10:09:34.673] [info] ExternalForce::Right Data source being set to FAILT01_SDP01_grf.mot
[2022-07-08 10:09:34.673] [info] ExternalForce::Left Data source being set to FAILT01_SDP01_grf.mot
[2022-07-08 10:09:34.686] [warning] Coordinate.setValue:  coordinate subtalar_angle_r is locked. Unable to change its value.
[2022-07-08 10:09:34.687] [warning] Coordinate.setValue:  coordinate mtp_angle_r is locked. Unable to change its value.
[2022-07-08 10:09:34.687] [warning] Coordinate.setValue:  coordinate subtalar_angle_l is locked. Unable to change its value.
[2022-07-08 10:09:34.687] [warning] Coordinate.setValue:  coordinate mtp_angle_l is locked. Unable to change its value.
[2022-07-08 10:09:34.687] [warning] Coordinate.setValue:  coordinate wrist_flex_r is locked. Unable to change its value.
[2022-07-08 10:09:34.687] [warning] Coordinate.setValue:  coordinate wrist_dev_r is locked. Unable to change its value.
[2022-07-08 10:09:34.687] [warning] Coordinate.setValue:  coordinate wrist_flex_l is locked. Unable to change its value.
[2022-07-08 10:09:34.687] [warning] Coordinate.setValue:  coordinate wrist_dev_l is locked. Unable to change its value.
[2022-07-08 10:09:36.420] [info] Storage: read data file = FAILT01_SDP01_grf.mot (nr=4460 nc=19)
[2022-07-08 10:09:36.476] [info] ExternalForce::Right Data source being set to FAILT01_SDP01_grf.mot
[2022-07-08 10:09:36.476] [info] ExternalForce::Left Data source being set to FAILT01_SDP01_grf.mot
[2022-07-08 10:09:36.533] [error] Model unable to assemble: SimTK Exception thrown at Optimizer.h:133:
  Value out of range in  OptimizerSystem  Constructor: expected 1 <= number of parameters <= 2.14748e+09 but number of parameters=0..Model relaxing constraints and trying again.
[2022-07-08 10:09:36.535] [error] Model unable to assemble with relaxed constraints: SimTK Exception thrown at Optimizer.h:133:
  Value out of range in  OptimizerSystem  Constructor: expected 1 <= number of parameters <= 2.14748e+09 but number of parameters=0.
[2022-07-08 10:09:36.605] [info] Storage: read data file = FAILT01_SDP01_grf.mot (nr=4460 nc=19)
[2022-07-08 10:09:36.656] [info] ExternalForce::Right Data source being set to FAILT01_SDP01_grf.mot
[2022-07-08 10:09:36.656] [info] ExternalForce::Left Data source being set to FAILT01_SDP01_grf.mot
[2022-07-08 10:09:36.783] [info] Storage: read data file = FAILT01_SDP01_grf.mot (nr=4460 nc=19)
[2022-07-08 10:09:36.834] [info] ExternalForce::Right Data source being set to FAILT01_SDP01_grf.mot
[2022-07-08 10:09:36.834] [info] ExternalForce::Left Data source being set to FAILT01_SDP01_grf.mot
[2022-07-08 10:09:36.904] [info] Storage: read data file = FAILT01_SDP01_grf.mot (nr=4460 nc=19)
[2022-07-08 10:09:36.954] [info] ExternalForce::Right Data source being set to FAILT01_SDP01_grf.mot
[2022-07-08 10:09:36.954] [info] ExternalForce::Left Data source being set to FAILT01_SDP01_grf.mot
[2022-07-08 10:09:37.055] [info] Storage: read data file = FAILT01_SDP01_grf.mot (nr=4460 nc=19)
[2022-07-08 10:09:37.106] [info] ExternalForce::Right Data source being set to FAILT01_SDP01_grf.mot
[2022-07-08 10:09:37.106] [info] ExternalForce::Left Data source being set to FAILT01_SDP01_grf.mot
[2022-07-08 10:09:37.188] [info] Storage: read data file = FAILT01_SDP01_grf.mot (nr=4460 nc=19)
[2022-07-08 10:09:37.245] [info] ExternalForce::Right Data source being set to FAILT01_SDP01_grf.mot
[2022-07-08 10:09:37.245] [info] ExternalForce::Left Data source being set to FAILT01_SDP01_grf.mot
[2022-07-08 10:09:37.576] [info] Storage: read data file = FAILT01_SDP01_grf.mot (nr=4460 nc=19)
[2022-07-08 10:09:37.627] [info] ExternalForce::Right Data source being set to FAILT01_SDP01_grf.mot
[2022-07-08 10:09:37.627] [info] ExternalForce::Left Data source being set to FAILT01_SDP01_grf.mot
[2022-07-08 10:09:37.697] [info] Storage: read data file = FAILT01_SDP01_grf.mot (nr=4460 nc=19)
[2022-07-08 10:09:37.747] [info] ExternalForce::Right Data source being set to FAILT01_SDP01_grf.mot
[2022-07-08 10:09:37.747] [info] ExternalForce::Left Data source being set to FAILT01_SDP01_grf.mot
[2022-07-08 10:09:37.844] [info] Storage: read data file = FAILT01_SDP01_grf.mot (nr=4460 nc=19)
[2022-07-08 10:09:37.894] [info] ExternalForce::Right Data source being set to FAILT01_SDP01_grf.mot
[2022-07-08 10:09:37.894] [info] ExternalForce::Left Data source being set to FAILT01_SDP01_grf.mot
[2022-07-08 10:09:37.966] [info] Storage: read data file = FAILT01_SDP01_grf.mot (nr=4460 nc=19)
[2022-07-08 10:09:38.015] [info] ExternalForce::Right Data source being set to FAILT01_SDP01_grf.mot
[2022-07-08 10:09:38.015] [info] ExternalForce::Left Data source being set to FAILT01_SDP01_grf.mot
[2022-07-08 10:09:38.064] [info] ========================================================================
[2022-07-08 10:09:38.064] [info] MocoCasADiSolver starting.
[2022-07-08 10:09:38.064] [info] 8/07/2022 10:09:38 AM
[2022-07-08 10:09:38.064] [info] ------------------------------------------------------------------------
[2022-07-08 10:09:38.064] [cout] [info] Costs: (total: 1)
[2022-07-08 10:09:38.064] [cout] [info]   excitation_effort. MocoControlGoal, enabled: true, mode: cost, weight: 0.01
[2022-07-08 10:09:38.064] [cout] [info]         control: /forceset/lumbar_ext, weight: 1.0
[2022-07-08 10:09:38.064] [cout] [info]         control: /forceset/lumbar_bend, weight: 1.0
[2022-07-08 10:09:38.065] [cout] [info]         control: /forceset/lumbar_rot, weight: 1.0
[2022-07-08 10:09:38.065] [cout] [info]         control: /forceset/shoulder_flex_r, weight: 1.0
[2022-07-08 10:09:38.065] [cout] [info]         control: /forceset/shoulder_add_r, weight: 1.0
[2022-07-08 10:09:38.065] [cout] [info]         control: /forceset/shoulder_rot_r, weight: 1.0
[2022-07-08 10:09:38.065] [cout] [info]         control: /forceset/elbow_flex_r, weight: 1.0
[2022-07-08 10:09:38.065] [cout] [info]         control: /forceset/pro_sup_r, weight: 1.0
[2022-07-08 10:09:38.065] [cout] [info]         control: /forceset/wrist_flex_r, weight: 1.0
[2022-07-08 10:09:38.065] [cout] [info]         control: /forceset/wrist_dev_r, weight: 1.0
[2022-07-08 10:09:38.065] [cout] [info]         control: /forceset/shoulder_flex_l, weight: 1.0
[2022-07-08 10:09:38.065] [cout] [info]         control: /forceset/shoulder_add_l, weight: 1.0
[2022-07-08 10:09:38.065] [cout] [info]         control: /forceset/shoulder_rot_l, weight: 1.0
[2022-07-08 10:09:38.065] [cout] [info]         control: /forceset/elbow_flex_l, weight: 1.0
[2022-07-08 10:09:38.065] [cout] [info]         control: /forceset/pro_sup_l, weight: 1.0
[2022-07-08 10:09:38.065] [cout] [info]         control: /forceset/wrist_flex_l, weight: 1.0
[2022-07-08 10:09:38.065] [cout] [info]         control: /forceset/wrist_dev_l, weight: 1.0
[2022-07-08 10:09:38.065] [cout] [info]         control: /forceset/addbrev_r, weight: 1.0
[2022-07-08 10:09:38.065] [cout] [info]         control: /forceset/addlong_r, weight: 1.0
[2022-07-08 10:09:38.065] [cout] [info]         control: /forceset/addmagDist_r, weight: 1.0
[2022-07-08 10:09:38.065] [cout] [info]         control: /forceset/addmagIsch_r, weight: 1.0
[2022-07-08 10:09:38.065] [cout] [info]         control: /forceset/addmagMid_r, weight: 1.0
[2022-07-08 10:09:38.065] [cout] [info]         control: /forceset/addmagProx_r, weight: 1.0
[2022-07-08 10:09:38.065] [cout] [info]         control: /forceset/bflh140_r, weight: 1.0
[2022-07-08 10:09:38.065] [cout] [info]         control: /forceset/bfsh140_r, weight: 1.0
[2022-07-08 10:09:38.065] [cout] [info]         control: /forceset/edl_r, weight: 1.0
[2022-07-08 10:09:38.065] [cout] [info]         control: /forceset/ehl_r, weight: 1.0
[2022-07-08 10:09:38.065] [cout] [info]         control: /forceset/fdl_r, weight: 1.0
[2022-07-08 10:09:38.065] [cout] [info]         control: /forceset/fhl_r, weight: 1.0
[2022-07-08 10:09:38.065] [cout] [info]         control: /forceset/gaslat140_r, weight: 1.0
[2022-07-08 10:09:38.065] [cout] [info]         control: /forceset/gasmed_r, weight: 1.0
[2022-07-08 10:09:38.065] [cout] [info]         control: /forceset/glmax1_r, weight: 1.0
[2022-07-08 10:09:38.065] [cout] [info]         control: /forceset/glmax2_r, weight: 1.0
[2022-07-08 10:09:38.065] [cout] [info]         control: /forceset/glmax3_r, weight: 1.0
[2022-07-08 10:09:38.065] [cout] [info]         control: /forceset/glmed1_r, weight: 1.0
[2022-07-08 10:09:38.065] [cout] [info]         control: /forceset/glmed2_r, weight: 1.0
[2022-07-08 10:09:38.065] [cout] [info]         control: /forceset/glmed3_r, weight: 1.0
[2022-07-08 10:09:38.065] [cout] [info]         control: /forceset/glmin1_r, weight: 1.0
[2022-07-08 10:09:38.065] [cout] [info]         control: /forceset/glmin2_r, weight: 1.0
[2022-07-08 10:09:38.065] [cout] [info]         control: /forceset/glmin3_r, weight: 1.0
[2022-07-08 10:09:38.065] [cout] [info]         control: /forceset/grac_r, weight: 1.0
[2022-07-08 10:09:38.065] [cout] [info]         control: /forceset/iliacus_r, weight: 1.0
[2022-07-08 10:09:38.065] [cout] [info]         control: /forceset/perbrev_r, weight: 1.0
[2022-07-08 10:09:38.065] [cout] [info]         control: /forceset/perlong_r, weight: 1.0
[2022-07-08 10:09:38.065] [cout] [info]         control: /forceset/piri_r, weight: 1.0
[2022-07-08 10:09:38.065] [cout] [info]         control: /forceset/psoas_r, weight: 1.0
[2022-07-08 10:09:38.065] [cout] [info]         control: /forceset/recfem_r, weight: 1.0
[2022-07-08 10:09:38.065] [cout] [info]         control: /forceset/sart_r, weight: 1.0
[2022-07-08 10:09:38.065] [cout] [info]         control: /forceset/semimem_r, weight: 1.0
[2022-07-08 10:09:38.065] [cout] [info]         control: /forceset/semiten_r, weight: 1.0
[2022-07-08 10:09:38.065] [cout] [info]         control: /forceset/soleus_r, weight: 1.0
[2022-07-08 10:09:38.065] [cout] [info]         control: /forceset/tfl_r, weight: 1.0
[2022-07-08 10:09:38.065] [cout] [info]         control: /forceset/tibant_r, weight: 1.0
[2022-07-08 10:09:38.065] [cout] [info]         control: /forceset/tibpost_r, weight: 1.0
[2022-07-08 10:09:38.065] [cout] [info]         control: /forceset/vasint_r, weight: 1.0
[2022-07-08 10:09:38.065] [cout] [info]         control: /forceset/vaslat140_r, weight: 1.0
[2022-07-08 10:09:38.065] [cout] [info]         control: /forceset/vasmed_r, weight: 1.0
[2022-07-08 10:09:38.066] [cout] [info]         control: /forceset/addbrev_l, weight: 1.0
[2022-07-08 10:09:38.066] [cout] [info]         control: /forceset/addlong_l, weight: 1.0
[2022-07-08 10:09:38.066] [cout] [info]         control: /forceset/addmagDist_l, weight: 1.0
[2022-07-08 10:09:38.066] [cout] [info]         control: /forceset/addmagIsch_l, weight: 1.0
[2022-07-08 10:09:38.066] [cout] [info]         control: /forceset/addmagMid_l, weight: 1.0
[2022-07-08 10:09:38.066] [cout] [info]         control: /forceset/addmagProx_l, weight: 1.0
[2022-07-08 10:09:38.066] [cout] [info]         control: /forceset/bflh140_l, weight: 1.0
[2022-07-08 10:09:38.066] [cout] [info]         control: /forceset/bfsh140_l, weight: 1.0
[2022-07-08 10:09:38.066] [cout] [info]         control: /forceset/edl_l, weight: 1.0
[2022-07-08 10:09:38.066] [cout] [info]         control: /forceset/ehl_l, weight: 1.0
[2022-07-08 10:09:38.066] [cout] [info]         control: /forceset/fdl_l, weight: 1.0
[2022-07-08 10:09:38.066] [cout] [info]         control: /forceset/fhl_l, weight: 1.0
[2022-07-08 10:09:38.066] [cout] [info]         control: /forceset/gaslat140_l, weight: 1.0
[2022-07-08 10:09:38.066] [cout] [info]         control: /forceset/gasmed_l, weight: 1.0
[2022-07-08 10:09:38.066] [cout] [info]         control: /forceset/glmax1_l, weight: 1.0
[2022-07-08 10:09:38.066] [cout] [info]         control: /forceset/glmax2_l, weight: 1.0
[2022-07-08 10:09:38.066] [cout] [info]         control: /forceset/glmax3_l, weight: 1.0
[2022-07-08 10:09:38.066] [cout] [info]         control: /forceset/glmed1_l, weight: 1.0
[2022-07-08 10:09:38.066] [cout] [info]         control: /forceset/glmed2_l, weight: 1.0
[2022-07-08 10:09:38.066] [cout] [info]         control: /forceset/glmed3_l, weight: 1.0
[2022-07-08 10:09:38.066] [cout] [info]         control: /forceset/glmin1_l, weight: 1.0
[2022-07-08 10:09:38.066] [cout] [info]         control: /forceset/glmin2_l, weight: 1.0
[2022-07-08 10:09:38.066] [cout] [info]         control: /forceset/glmin3_l, weight: 1.0
[2022-07-08 10:09:38.066] [cout] [info]         control: /forceset/grac_l, weight: 1.0
[2022-07-08 10:09:38.066] [cout] [info]         control: /forceset/iliacus_l, weight: 1.0
[2022-07-08 10:09:38.066] [cout] [info]         control: /forceset/perbrev_l, weight: 1.0
[2022-07-08 10:09:38.066] [cout] [info]         control: /forceset/perlong_l, weight: 1.0
[2022-07-08 10:09:38.066] [cout] [info]         control: /forceset/piri_l, weight: 1.0
[2022-07-08 10:09:38.066] [cout] [info]         control: /forceset/psoas_l, weight: 1.0
[2022-07-08 10:09:38.066] [cout] [info]         control: /forceset/recfem_l, weight: 1.0
[2022-07-08 10:09:38.066] [cout] [info]         control: /forceset/sart_l, weight: 1.0
[2022-07-08 10:09:38.066] [cout] [info]         control: /forceset/semimem_l, weight: 1.0
[2022-07-08 10:09:38.066] [cout] [info]         control: /forceset/semiten_l, weight: 1.0
[2022-07-08 10:09:38.066] [cout] [info]         control: /forceset/soleus_l, weight: 1.0
[2022-07-08 10:09:38.066] [cout] [info]         control: /forceset/tfl_l, weight: 1.0
[2022-07-08 10:09:38.066] [cout] [info]         control: /forceset/tibant_l, weight: 1.0
[2022-07-08 10:09:38.066] [cout] [info]         control: /forceset/tibpost_l, weight: 1.0
[2022-07-08 10:09:38.066] [cout] [info]         control: /forceset/vasint_l, weight: 1.0
[2022-07-08 10:09:38.066] [cout] [info]         control: /forceset/vaslat140_l, weight: 1.0
[2022-07-08 10:09:38.066] [cout] [info]         control: /forceset/vasmed_l, weight: 1.0
[2022-07-08 10:09:38.066] [cout] [info]         control: /forceset/reserve_jointset_ground_pelvis_pelvis_tilt, weight: 10.0
[2022-07-08 10:09:38.066] [cout] [info]         control: /forceset/reserve_jointset_ground_pelvis_pelvis_list, weight: 10.0
[2022-07-08 10:09:38.066] [cout] [info]         control: /forceset/reserve_jointset_ground_pelvis_pelvis_rotation, weight: 10.0
[2022-07-08 10:09:38.066] [cout] [info]         control: /forceset/reserve_jointset_ground_pelvis_pelvis_tx, weight: 10.0
[2022-07-08 10:09:38.066] [cout] [info]         control: /forceset/reserve_jointset_ground_pelvis_pelvis_ty, weight: 100.0
[2022-07-08 10:09:38.066] [cout] [info]         control: /forceset/reserve_jointset_ground_pelvis_pelvis_tz, weight: 10.0
[2022-07-08 10:09:38.066] [cout] [info]         control: /forceset/reserve_jointset_hip_r_hip_flexion_r, weight: 10.0
[2022-07-08 10:09:38.066] [cout] [info]         control: /forceset/reserve_jointset_hip_r_hip_adduction_r, weight: 10.0
[2022-07-08 10:09:38.066] [cout] [info]         control: /forceset/reserve_jointset_hip_r_hip_rotation_r, weight: 10.0
[2022-07-08 10:09:38.066] [cout] [info]         control: /forceset/reserve_jointset_walker_knee_r_knee_angle_r, weight: 10.0
[2022-07-08 10:09:38.066] [cout] [info]         control: /forceset/reserve_jointset_ankle_r_ankle_angle_r, weight: 10.0
[2022-07-08 10:09:38.066] [cout] [info]         control: /forceset/reserve_jointset_hip_l_hip_flexion_l, weight: 10.0
[2022-07-08 10:09:38.066] [cout] [info]         control: /forceset/reserve_jointset_hip_l_hip_adduction_l, weight: 10.0
[2022-07-08 10:09:38.066] [cout] [info]         control: /forceset/reserve_jointset_hip_l_hip_rotation_l, weight: 10.0
[2022-07-08 10:09:38.067] [cout] [info]         control: /forceset/reserve_jointset_walker_knee_l_knee_angle_l, weight: 10.0
[2022-07-08 10:09:38.067] [cout] [info]         control: /forceset/reserve_jointset_ankle_l_ankle_angle_l, weight: 10.0
[2022-07-08 10:09:38.067] [cout] [info] Endpoint constraints: (total: 1)
[2022-07-08 10:09:38.067] [cout] [info]   initial_activation. MocoInitialActivationGoal, enabled: true, mode: endpoint_constraint
[2022-07-08 10:09:38.067] [cout] [info] Kinematic constraints: (total: 10)
[2022-07-08 10:09:38.069] [cout] [info]   kinematic_constraint_cid29. MocoConstraintInfo. number of scalar equations: 3. bounds: 0, 0, 0
[2022-07-08 10:09:38.069] [cout] [info]   kinematic_constraint_cid30. MocoConstraintInfo. number of scalar equations: 3. bounds: 0, 0, 0
[2022-07-08 10:09:38.069] [cout] [info]   kinematic_constraint_cid33. MocoConstraintInfo. number of scalar equations: 3. bounds: 0, 0, 0
[2022-07-08 10:09:38.069] [cout] [info]   kinematic_constraint_cid34. MocoConstraintInfo. number of scalar equations: 3. bounds: 0, 0, 0
[2022-07-08 10:09:38.069] [cout] [info]   kinematic_constraint_cid35. MocoConstraintInfo. number of scalar equations: 3. bounds: 0, 0, 0
[2022-07-08 10:09:38.069] [cout] [info]   kinematic_constraint_cid36. MocoConstraintInfo. number of scalar equations: 3. bounds: 0, 0, 0
[2022-07-08 10:09:38.069] [cout] [info]   kinematic_constraint_cid37. MocoConstraintInfo. number of scalar equations: 3. bounds: 0, 0, 0
[2022-07-08 10:09:38.069] [cout] [info]   kinematic_constraint_cid38. MocoConstraintInfo. number of scalar equations: 3. bounds: 0, 0, 0
[2022-07-08 10:09:38.069] [cout] [info]   kinematic_constraint_cid39. MocoConstraintInfo. number of scalar equations: 3. bounds: 0, 0, 0
[2022-07-08 10:09:38.069] [cout] [info]   kinematic_constraint_cid40. MocoConstraintInfo. number of scalar equations: 3. bounds: 0, 0, 0
[2022-07-08 10:09:38.069] [cout] [info] Path constraints: none
[2022-07-08 10:09:38.069] [cout] [info] States: (total: 80)
[2022-07-08 10:09:38.069] [cout] [info]   /forceset/addbrev_r/activation. bounds: [0.01, 1]
[2022-07-08 10:09:38.069] [cout] [info]   /forceset/addlong_r/activation. bounds: [0.01, 1]
[2022-07-08 10:09:38.069] [cout] [info]   /forceset/addmagIsch_r/activation. bounds: [0.01, 1]
[2022-07-08 10:09:38.069] [cout] [info]   /forceset/addmagMid_l/activation. bounds: [0.01, 1]
[2022-07-08 10:09:38.069] [cout] [info]   /forceset/piri_r/activation. bounds: [0.01, 1]
[2022-07-08 10:09:38.069] [cout] [info]   /forceset/addmagDist_r/activation. bounds: [0.01, 1]
[2022-07-08 10:09:38.069] [cout] [info]   /forceset/addmagDist_l/activation. bounds: [0.01, 1]
[2022-07-08 10:09:38.069] [cout] [info]   /forceset/vasmed_r/activation. bounds: [0.01, 1]
[2022-07-08 10:09:38.069] [cout] [info]   /forceset/addmagMid_r/activation. bounds: [0.01, 1]
[2022-07-08 10:09:38.069] [cout] [info]   /forceset/bflh140_r/activation. bounds: [0.01, 1]
[2022-07-08 10:09:38.069] [cout] [info]   /forceset/gaslat140_l/activation. bounds: [0.01, 1]
[2022-07-08 10:09:38.069] [cout] [info]   /forceset/addmagProx_r/activation. bounds: [0.01, 1]
[2022-07-08 10:09:38.069] [cout] [info]   /forceset/vaslat140_r/activation. bounds: [0.01, 1]
[2022-07-08 10:09:38.069] [cout] [info]   /forceset/bfsh140_r/activation. bounds: [0.01, 1]
[2022-07-08 10:09:38.069] [cout] [info]   /forceset/edl_r/activation. bounds: [0.01, 1]
[2022-07-08 10:09:38.069] [cout] [info]   /forceset/ehl_r/activation. bounds: [0.01, 1]
[2022-07-08 10:09:38.069] [cout] [info]   /forceset/semimem_r/activation. bounds: [0.01, 1]
[2022-07-08 10:09:38.069] [cout] [info]   /forceset/fdl_r/activation. bounds: [0.01, 1]
[2022-07-08 10:09:38.069] [cout] [info]   /forceset/fhl_r/activation. bounds: [0.01, 1]
[2022-07-08 10:09:38.069] [cout] [info]   /forceset/addmagProx_l/activation. bounds: [0.01, 1]
[2022-07-08 10:09:38.069] [cout] [info]   /forceset/perlong_r/activation. bounds: [0.01, 1]
[2022-07-08 10:09:38.069] [cout] [info]   /forceset/gaslat140_r/activation. bounds: [0.01, 1]
[2022-07-08 10:09:38.069] [cout] [info]   /forceset/soleus_r/activation. bounds: [0.01, 1]
[2022-07-08 10:09:38.070] [cout] [info]   /forceset/gasmed_r/activation. bounds: [0.01, 1]
[2022-07-08 10:09:38.070] [cout] [info]   /forceset/glmax3_l/activation. bounds: [0.01, 1]
[2022-07-08 10:09:38.070] [cout] [info]   /forceset/recfem_r/activation. bounds: [0.01, 1]
[2022-07-08 10:09:38.070] [cout] [info]   /forceset/glmax1_r/activation. bounds: [0.01, 1]
[2022-07-08 10:09:38.070] [cout] [info]   /forceset/glmax2_r/activation. bounds: [0.01, 1]
[2022-07-08 10:09:38.070] [cout] [info]   /forceset/glmax1_l/activation. bounds: [0.01, 1]
[2022-07-08 10:09:38.070] [cout] [info]   /forceset/iliacus_r/activation. bounds: [0.01, 1]
[2022-07-08 10:09:38.070] [cout] [info]   /forceset/glmax3_r/activation. bounds: [0.01, 1]
[2022-07-08 10:09:38.070] [cout] [info]   /forceset/tibant_l/activation. bounds: [0.01, 1]
[2022-07-08 10:09:38.070] [cout] [info]   /forceset/glmed3_l/activation. bounds: [0.01, 1]
[2022-07-08 10:09:38.070] [cout] [info]   /forceset/glmed1_r/activation. bounds: [0.01, 1]
[2022-07-08 10:09:38.070] [cout] [info]   /forceset/glmed2_r/activation. bounds: [0.01, 1]
[2022-07-08 10:09:38.070] [cout] [info]   /forceset/glmed1_l/activation. bounds: [0.01, 1]
[2022-07-08 10:09:38.070] [cout] [info]   /forceset/glmed3_r/activation. bounds: [0.01, 1]
[2022-07-08 10:09:38.070] [cout] [info]   /forceset/tibant_r/activation. bounds: [0.01, 1]
[2022-07-08 10:09:38.070] [cout] [info]   /forceset/glmin1_r/activation. bounds: [0.01, 1]
[2022-07-08 10:09:38.070] [cout] [info]   /forceset/glmin2_r/activation. bounds: [0.01, 1]
[2022-07-08 10:09:38.070] [cout] [info]   /forceset/glmin3_r/activation. bounds: [0.01, 1]
[2022-07-08 10:09:38.070] [cout] [info]   /forceset/grac_r/activation. bounds: [0.01, 1]
[2022-07-08 10:09:38.070] [cout] [info]   /forceset/perbrev_r/activation. bounds: [0.01, 1]
[2022-07-08 10:09:38.070] [cout] [info]   /forceset/psoas_r/activation. bounds: [0.01, 1]
[2022-07-08 10:09:38.070] [cout] [info]   /forceset/sart_r/activation. bounds: [0.01, 1]
[2022-07-08 10:09:38.070] [cout] [info]   /forceset/edl_l/activation. bounds: [0.01, 1]
[2022-07-08 10:09:38.070] [cout] [info]   /forceset/semiten_r/activation. bounds: [0.01, 1]
[2022-07-08 10:09:38.070] [cout] [info]   /forceset/tfl_r/activation. bounds: [0.01, 1]
[2022-07-08 10:09:38.070] [cout] [info]   /forceset/tibpost_r/activation. bounds: [0.01, 1]
[2022-07-08 10:09:38.070] [cout] [info]   /forceset/addmagIsch_l/activation. bounds: [0.01, 1]
[2022-07-08 10:09:38.070] [cout] [info]   /forceset/addlong_l/activation. bounds: [0.01, 1]
[2022-07-08 10:09:38.070] [cout] [info]   /forceset/vasint_r/activation. bounds: [0.01, 1]
[2022-07-08 10:09:38.070] [cout] [info]   /forceset/addbrev_l/activation. bounds: [0.01, 1]
[2022-07-08 10:09:38.070] [cout] [info]   /forceset/bflh140_l/activation. bounds: [0.01, 1]
[2022-07-08 10:09:38.070] [cout] [info]   /forceset/bfsh140_l/activation. bounds: [0.01, 1]
[2022-07-08 10:09:38.070] [cout] [info]   /forceset/semimem_l/activation. bounds: [0.01, 1]
[2022-07-08 10:09:38.070] [cout] [info]   /forceset/ehl_l/activation. bounds: [0.01, 1]
[2022-07-08 10:09:38.070] [cout] [info]   /forceset/fdl_l/activation. bounds: [0.01, 1]
[2022-07-08 10:09:38.070] [cout] [info]   /forceset/fhl_l/activation. bounds: [0.01, 1]
[2022-07-08 10:09:38.070] [cout] [info]   /forceset/gasmed_l/activation. bounds: [0.01, 1]
[2022-07-08 10:09:38.070] [cout] [info]   /forceset/glmax2_l/activation. bounds: [0.01, 1]
[2022-07-08 10:09:38.070] [cout] [info]   /forceset/glmed2_l/activation. bounds: [0.01, 1]
[2022-07-08 10:09:38.070] [cout] [info]   /forceset/glmin1_l/activation. bounds: [0.01, 1]
[2022-07-08 10:09:38.070] [cout] [info]   /forceset/glmin2_l/activation. bounds: [0.01, 1]
[2022-07-08 10:09:38.071] [cout] [info]   /forceset/glmin3_l/activation. bounds: [0.01, 1]
[2022-07-08 10:09:38.071] [cout] [info]   /forceset/grac_l/activation. bounds: [0.01, 1]
[2022-07-08 10:09:38.071] [cout] [info]   /forceset/iliacus_l/activation. bounds: [0.01, 1]
[2022-07-08 10:09:38.071] [cout] [info]   /forceset/perbrev_l/activation. bounds: [0.01, 1]
[2022-07-08 10:09:38.071] [cout] [info]   /forceset/perlong_l/activation. bounds: [0.01, 1]
[2022-07-08 10:09:38.071] [cout] [info]   /forceset/piri_l/activation. bounds: [0.01, 1]
[2022-07-08 10:09:38.071] [cout] [info]   /forceset/psoas_l/activation. bounds: [0.01, 1]
[2022-07-08 10:09:38.071] [cout] [info]   /forceset/recfem_l/activation. bounds: [0.01, 1]
[2022-07-08 10:09:38.071] [cout] [info]   /forceset/sart_l/activation. bounds: [0.01, 1]
[2022-07-08 10:09:38.071] [cout] [info]   /forceset/semiten_l/activation. bounds: [0.01, 1]
[2022-07-08 10:09:38.071] [cout] [info]   /forceset/soleus_l/activation. bounds: [0.01, 1]
[2022-07-08 10:09:38.071] [cout] [info]   /forceset/tfl_l/activation. bounds: [0.01, 1]
[2022-07-08 10:09:38.071] [cout] [info]   /forceset/tibpost_l/activation. bounds: [0.01, 1]
[2022-07-08 10:09:38.071] [cout] [info]   /forceset/vasint_l/activation. bounds: [0.01, 1]
[2022-07-08 10:09:38.071] [cout] [info]   /forceset/vaslat140_l/activation. bounds: [0.01, 1]
[2022-07-08 10:09:38.071] [cout] [info]   /forceset/vasmed_l/activation. bounds: [0.01, 1]
[2022-07-08 10:09:38.071] [cout] [info] Controls: (total: 113)
[2022-07-08 10:09:38.071] [cout] [info]   /forceset/shoulder_flex_r. bounds: [-inf, inf]
[2022-07-08 10:09:38.071] [cout] [info]   /forceset/addbrev_l. bounds: [0.01, 1]
[2022-07-08 10:09:38.071] [cout] [info]   /forceset/lumbar_bend. bounds: [-inf, inf]
[2022-07-08 10:09:38.071] [cout] [info]   /forceset/lumbar_ext. bounds: [-inf, inf]
[2022-07-08 10:09:38.071] [cout] [info]   /forceset/glmin1_r. bounds: [0.01, 1]
[2022-07-08 10:09:38.071] [cout] [info]   /forceset/shoulder_add_r. bounds: [-inf, inf]
[2022-07-08 10:09:38.071] [cout] [info]   /forceset/addbrev_r. bounds: [0.01, 1]
[2022-07-08 10:09:38.071] [cout] [info]   /forceset/lumbar_rot. bounds: [-inf, inf]
[2022-07-08 10:09:38.071] [cout] [info]   /forceset/shoulder_rot_r. bounds: [-inf, inf]
[2022-07-08 10:09:38.071] [cout] [info]   /forceset/glmed1_r. bounds: [0.01, 1]
[2022-07-08 10:09:38.071] [cout] [info]   /forceset/elbow_flex_r. bounds: [-inf, inf]
[2022-07-08 10:09:38.071] [cout] [info]   /forceset/pro_sup_r. bounds: [-inf, inf]
[2022-07-08 10:09:38.072] [cout] [info]   /forceset/glmax2_r. bounds: [0.01, 1]
[2022-07-08 10:09:38.072] [cout] [info]   /forceset/wrist_flex_r. bounds: [-inf, inf]
[2022-07-08 10:09:38.072] [cout] [info]   /forceset/wrist_dev_r. bounds: [-inf, inf]
[2022-07-08 10:09:38.072] [cout] [info]   /forceset/shoulder_flex_l. bounds: [-inf, inf]
[2022-07-08 10:09:38.072] [cout] [info]   /forceset/shoulder_add_l. bounds: [-inf, inf]
[2022-07-08 10:09:38.072] [cout] [info]   /forceset/glmed3_r. bounds: [0.01, 1]
[2022-07-08 10:09:38.072] [cout] [info]   /forceset/tibant_r. bounds: [0.01, 1]
[2022-07-08 10:09:38.072] [cout] [info]   /forceset/glmed1_l. bounds: [0.01, 1]
[2022-07-08 10:09:38.072] [cout] [info]   /forceset/shoulder_rot_l. bounds: [-inf, inf]
[2022-07-08 10:09:38.072] [cout] [info]   /forceset/elbow_flex_l. bounds: [-inf, inf]
[2022-07-08 10:09:38.072] [cout] [info]   /forceset/psoas_r. bounds: [0.01, 1]
[2022-07-08 10:09:38.072] [cout] [info]   /forceset/pro_sup_l. bounds: [-inf, inf]
[2022-07-08 10:09:38.072] [cout] [info]   /forceset/wrist_flex_l. bounds: [-inf, inf]
[2022-07-08 10:09:38.072] [cout] [info]   /forceset/tibpost_r. bounds: [0.01, 1]
[2022-07-08 10:09:38.072] [cout] [info]   /forceset/wrist_dev_l. bounds: [-inf, inf]
[2022-07-08 10:09:38.072] [cout] [info]   /forceset/addmagIsch_r. bounds: [0.01, 1]
[2022-07-08 10:09:38.072] [cout] [info]   /forceset/addlong_r. bounds: [0.01, 1]
[2022-07-08 10:09:38.072] [cout] [info]   /forceset/addmagMid_l. bounds: [0.01, 1]
[2022-07-08 10:09:38.072] [cout] [info]   /forceset/piri_r. bounds: [0.01, 1]
[2022-07-08 10:09:38.072] [cout] [info]   /forceset/addmagDist_r. bounds: [0.01, 1]
[2022-07-08 10:09:38.072] [cout] [info]   /forceset/addmagDist_l. bounds: [0.01, 1]
[2022-07-08 10:09:38.072] [cout] [info]   /forceset/vasmed_r. bounds: [0.01, 1]
[2022-07-08 10:09:38.072] [cout] [info]   /forceset/addmagMid_r. bounds: [0.01, 1]
[2022-07-08 10:09:38.072] [cout] [info]   /forceset/addmagProx_r. bounds: [0.01, 1]
[2022-07-08 10:09:38.072] [cout] [info]   /forceset/bflh140_r. bounds: [0.01, 1]
[2022-07-08 10:09:38.072] [cout] [info]   /forceset/vaslat140_r. bounds: [0.01, 1]
[2022-07-08 10:09:38.072] [cout] [info]   /forceset/bfsh140_r. bounds: [0.01, 1]
[2022-07-08 10:09:38.072] [cout] [info]   /forceset/edl_r. bounds: [0.01, 1]
[2022-07-08 10:09:38.072] [cout] [info]   /forceset/ehl_r. bounds: [0.01, 1]
[2022-07-08 10:09:38.072] [cout] [info]   /forceset/semimem_r. bounds: [0.01, 1]
[2022-07-08 10:09:38.072] [cout] [info]   /forceset/fdl_r. bounds: [0.01, 1]
[2022-07-08 10:09:38.072] [cout] [info]   /forceset/fhl_r. bounds: [0.01, 1]
[2022-07-08 10:09:38.072] [cout] [info]   /forceset/addmagProx_l. bounds: [0.01, 1]
[2022-07-08 10:09:38.072] [cout] [info]   /forceset/perlong_r. bounds: [0.01, 1]
[2022-07-08 10:09:38.072] [cout] [info]   /forceset/gaslat140_r. bounds: [0.01, 1]
[2022-07-08 10:09:38.072] [cout] [info]   /forceset/soleus_r. bounds: [0.01, 1]
[2022-07-08 10:09:38.072] [cout] [info]   /forceset/gasmed_r. bounds: [0.01, 1]
[2022-07-08 10:09:38.072] [cout] [info]   /forceset/recfem_r. bounds: [0.01, 1]
[2022-07-08 10:09:38.072] [cout] [info]   /forceset/glmax1_r. bounds: [0.01, 1]
[2022-07-08 10:09:38.072] [cout] [info]   /forceset/iliacus_r. bounds: [0.01, 1]
[2022-07-08 10:09:38.072] [cout] [info]   /forceset/glmax3_r. bounds: [0.01, 1]
[2022-07-08 10:09:38.072] [cout] [info]   /forceset/glmed2_r. bounds: [0.01, 1]
[2022-07-08 10:09:38.073] [cout] [info]   /forceset/glmin2_r. bounds: [0.01, 1]
[2022-07-08 10:09:38.073] [cout] [info]   /forceset/glmin3_r. bounds: [0.01, 1]
[2022-07-08 10:09:38.073] [cout] [info]   /forceset/grac_r. bounds: [0.01, 1]
[2022-07-08 10:09:38.073] [cout] [info]   /forceset/perbrev_r. bounds: [0.01, 1]
[2022-07-08 10:09:38.073] [cout] [info]   /forceset/sart_r. bounds: [0.01, 1]
[2022-07-08 10:09:38.073] [cout] [info]   /forceset/semiten_r. bounds: [0.01, 1]
[2022-07-08 10:09:38.073] [cout] [info]   /forceset/tfl_r. bounds: [0.01, 1]
[2022-07-08 10:09:38.073] [cout] [info]   /forceset/addmagIsch_l. bounds: [0.01, 1]
[2022-07-08 10:09:38.073] [cout] [info]   /forceset/addlong_l. bounds: [0.01, 1]
[2022-07-08 10:09:38.073] [cout] [info]   /forceset/vasint_r. bounds: [0.01, 1]
[2022-07-08 10:09:38.073] [cout] [info]   /forceset/bflh140_l. bounds: [0.01, 1]
[2022-07-08 10:09:38.073] [cout] [info]   /forceset/reserve_jointset_hip_l_hip_flexion_l. bounds: [-inf, inf]
[2022-07-08 10:09:38.073] [cout] [info]   /forceset/bfsh140_l. bounds: [0.01, 1]
[2022-07-08 10:09:38.073] [cout] [info]   /forceset/edl_l. bounds: [0.01, 1]
[2022-07-08 10:09:38.073] [cout] [info]   /forceset/semimem_l. bounds: [0.01, 1]
[2022-07-08 10:09:38.073] [cout] [info]   /forceset/ehl_l. bounds: [0.01, 1]
[2022-07-08 10:09:38.073] [cout] [info]   /forceset/fdl_l. bounds: [0.01, 1]
[2022-07-08 10:09:38.073] [cout] [info]   /forceset/fhl_l. bounds: [0.01, 1]
[2022-07-08 10:09:38.073] [cout] [info]   /forceset/gaslat140_l. bounds: [0.01, 1]
[2022-07-08 10:09:38.073] [cout] [info]   /forceset/gasmed_l. bounds: [0.01, 1]
[2022-07-08 10:09:38.073] [cout] [info]   /forceset/glmax1_l. bounds: [0.01, 1]
[2022-07-08 10:09:38.073] [cout] [info]   /forceset/glmax2_l. bounds: [0.01, 1]
[2022-07-08 10:09:38.073] [cout] [info]   /forceset/glmax3_l. bounds: [0.01, 1]
[2022-07-08 10:09:38.073] [cout] [info]   /forceset/glmed2_l. bounds: [0.01, 1]
[2022-07-08 10:09:38.073] [cout] [info]   /forceset/tibant_l. bounds: [0.01, 1]
[2022-07-08 10:09:38.073] [cout] [info]   /forceset/glmed3_l. bounds: [0.01, 1]
[2022-07-08 10:09:38.073] [cout] [info]   /forceset/glmin1_l. bounds: [0.01, 1]
[2022-07-08 10:09:38.073] [cout] [info]   /forceset/glmin2_l. bounds: [0.01, 1]
[2022-07-08 10:09:38.073] [cout] [info]   /forceset/glmin3_l. bounds: [0.01, 1]
[2022-07-08 10:09:38.073] [cout] [info]   /forceset/grac_l. bounds: [0.01, 1]
[2022-07-08 10:09:38.073] [cout] [info]   /forceset/iliacus_l. bounds: [0.01, 1]
[2022-07-08 10:09:38.073] [cout] [info]   /forceset/perbrev_l. bounds: [0.01, 1]
[2022-07-08 10:09:38.073] [cout] [info]   /forceset/perlong_l. bounds: [0.01, 1]
[2022-07-08 10:09:38.073] [cout] [info]   /forceset/piri_l. bounds: [0.01, 1]
[2022-07-08 10:09:38.073] [cout] [info]   /forceset/psoas_l. bounds: [0.01, 1]
[2022-07-08 10:09:38.073] [cout] [info]   /forceset/recfem_l. bounds: [0.01, 1]
[2022-07-08 10:09:38.073] [cout] [info]   /forceset/sart_l. bounds: [0.01, 1]
[2022-07-08 10:09:38.073] [cout] [info]   /forceset/semiten_l. bounds: [0.01, 1]
[2022-07-08 10:09:38.073] [cout] [info]   /forceset/soleus_l. bounds: [0.01, 1]
[2022-07-08 10:09:38.073] [cout] [info]   /forceset/tfl_l. bounds: [0.01, 1]
[2022-07-08 10:09:38.073] [cout] [info]   /forceset/tibpost_l. bounds: [0.01, 1]
[2022-07-08 10:09:38.074] [cout] [info]   /forceset/vasint_l. bounds: [0.01, 1]
[2022-07-08 10:09:38.074] [cout] [info]   /forceset/vaslat140_l. bounds: [0.01, 1]
[2022-07-08 10:09:38.074] [cout] [info]   /forceset/vasmed_l. bounds: [0.01, 1]
[2022-07-08 10:09:38.074] [cout] [info]   /forceset/reserve_jointset_ground_pelvis_pelvis_tilt. bounds: [-inf, inf]
[2022-07-08 10:09:38.074] [cout] [info]   /forceset/reserve_jointset_ground_pelvis_pelvis_list. bounds: [-inf, inf]
[2022-07-08 10:09:38.074] [cout] [info]   /forceset/reserve_jointset_ground_pelvis_pelvis_rotation. bounds: [-inf, inf]
[2022-07-08 10:09:38.074] [cout] [info]   /forceset/reserve_jointset_ground_pelvis_pelvis_tx. bounds: [-inf, inf]
[2022-07-08 10:09:38.074] [cout] [info]   /forceset/reserve_jointset_hip_r_hip_flexion_r. bounds: [-inf, inf]
[2022-07-08 10:09:38.074] [cout] [info]   /forceset/reserve_jointset_ground_pelvis_pelvis_ty. bounds: [-inf, inf]
[2022-07-08 10:09:38.074] [cout] [info]   /forceset/reserve_jointset_ground_pelvis_pelvis_tz. bounds: [-inf, inf]
[2022-07-08 10:09:38.074] [cout] [info]   /forceset/reserve_jointset_hip_r_hip_adduction_r. bounds: [-inf, inf]
[2022-07-08 10:09:38.074] [cout] [info]   /forceset/reserve_jointset_hip_r_hip_rotation_r. bounds: [-inf, inf]
[2022-07-08 10:09:38.074] [cout] [info]   /forceset/reserve_jointset_walker_knee_r_knee_angle_r. bounds: [-inf, inf]
[2022-07-08 10:09:38.074] [cout] [info]   /forceset/reserve_jointset_ankle_r_ankle_angle_r. bounds: [-inf, inf]
[2022-07-08 10:09:38.074] [cout] [info]   /forceset/reserve_jointset_hip_l_hip_adduction_l. bounds: [-inf, inf]
[2022-07-08 10:09:38.074] [cout] [info]   /forceset/reserve_jointset_walker_knee_l_knee_angle_l. bounds: [-inf, inf]
[2022-07-08 10:09:38.074] [cout] [info]   /forceset/reserve_jointset_hip_l_hip_rotation_l. bounds: [-inf, inf]
[2022-07-08 10:09:38.074] [cout] [info]   /forceset/reserve_jointset_ankle_l_ankle_angle_l. bounds: [-inf, inf]
[2022-07-08 10:09:38.074] [cout] [info] Parameters: none
[2022-07-08 10:09:38.138] [info] Storage: read data file = FAILT01_SDP01_grf.mot (nr=4460 nc=19)
[2022-07-08 10:09:38.188] [info] ExternalForce::Right Data source being set to FAILT01_SDP01_grf.mot
[2022-07-08 10:09:38.188] [info] ExternalForce::Left Data source being set to FAILT01_SDP01_grf.mot
[2022-07-08 10:09:38.260] [info] Storage: read data file = FAILT01_SDP01_grf.mot (nr=4460 nc=19)
[2022-07-08 10:09:38.315] [info] ExternalForce::Right Data source being set to FAILT01_SDP01_grf.mot
[2022-07-08 10:09:38.315] [info] ExternalForce::Left Data source being set to FAILT01_SDP01_grf.mot
[2022-07-08 10:09:38.413] [info] Storage: read data file = FAILT01_SDP01_grf.mot (nr=4460 nc=19)
[2022-07-08 10:09:38.462] [info] ExternalForce::Right Data source being set to FAILT01_SDP01_grf.mot
[2022-07-08 10:09:38.462] [info] ExternalForce::Left Data source being set to FAILT01_SDP01_grf.mot
[2022-07-08 10:09:38.552] [info] Storage: read data file = FAILT01_SDP01_grf.mot (nr=4460 nc=19)
[2022-07-08 10:09:38.602] [info] ExternalForce::Right Data source being set to FAILT01_SDP01_grf.mot
[2022-07-08 10:09:38.602] [info] ExternalForce::Left Data source being set to FAILT01_SDP01_grf.mot
[2022-07-08 10:09:38.704] [info] Storage: read data file = FAILT01_SDP01_grf.mot (nr=4460 nc=19)
[2022-07-08 10:09:38.754] [info] ExternalForce::Right Data source being set to FAILT01_SDP01_grf.mot
[2022-07-08 10:09:38.754] [info] ExternalForce::Left Data source being set to FAILT01_SDP01_grf.mot
[2022-07-08 10:09:38.830] [info] Storage: read data file = FAILT01_SDP01_grf.mot (nr=4460 nc=19)
[2022-07-08 10:09:38.879] [info] ExternalForce::Right Data source being set to FAILT01_SDP01_grf.mot
[2022-07-08 10:09:38.879] [info] ExternalForce::Left Data source being set to FAILT01_SDP01_grf.mot
[2022-07-08 10:09:38.980] [info] Storage: read data file = FAILT01_SDP01_grf.mot (nr=4460 nc=19)
[2022-07-08 10:09:39.030] [info] ExternalForce::Right Data source being set to FAILT01_SDP01_grf.mot
[2022-07-08 10:09:39.031] [info] ExternalForce::Left Data source being set to FAILT01_SDP01_grf.mot
[2022-07-08 10:09:39.107] [info] Storage: read data file = FAILT01_SDP01_grf.mot (nr=4460 nc=19)
[2022-07-08 10:09:39.157] [info] ExternalForce::Right Data source being set to FAILT01_SDP01_grf.mot
[2022-07-08 10:09:39.157] [info] ExternalForce::Left Data source being set to FAILT01_SDP01_grf.mot
[2022-07-08 10:09:39.262] [info] Storage: read data file = FAILT01_SDP01_grf.mot (nr=4460 nc=19)
[2022-07-08 10:09:39.312] [info] ExternalForce::Right Data source being set to FAILT01_SDP01_grf.mot
[2022-07-08 10:09:39.312] [info] ExternalForce::Left Data source being set to FAILT01_SDP01_grf.mot
[2022-07-08 10:09:39.402] [info] Storage: read data file = FAILT01_SDP01_grf.mot (nr=4460 nc=19)
[2022-07-08 10:09:39.454] [info] ExternalForce::Right Data source being set to FAILT01_SDP01_grf.mot
[2022-07-08 10:09:39.454] [info] ExternalForce::Left Data source being set to FAILT01_SDP01_grf.mot
[2022-07-08 10:09:39.560] [info] Storage: read data file = FAILT01_SDP01_grf.mot (nr=4460 nc=19)
[2022-07-08 10:09:39.610] [info] ExternalForce::Right Data source being set to FAILT01_SDP01_grf.mot
[2022-07-08 10:09:39.610] [info] ExternalForce::Left Data source being set to FAILT01_SDP01_grf.mot
[2022-07-08 10:09:39.689] [info] Storage: read data file = FAILT01_SDP01_grf.mot (nr=4460 nc=19)
[2022-07-08 10:09:39.739] [info] ExternalForce::Right Data source being set to FAILT01_SDP01_grf.mot
[2022-07-08 10:09:39.739] [info] ExternalForce::Left Data source being set to FAILT01_SDP01_grf.mot
[2022-07-08 10:09:39.845] [info] Storage: read data file = FAILT01_SDP01_grf.mot (nr=4460 nc=19)
[2022-07-08 10:09:39.895] [info] ExternalForce::Right Data source being set to FAILT01_SDP01_grf.mot
[2022-07-08 10:09:39.895] [info] ExternalForce::Left Data source being set to FAILT01_SDP01_grf.mot
[2022-07-08 10:09:39.974] [info] Storage: read data file = FAILT01_SDP01_grf.mot (nr=4460 nc=19)
[2022-07-08 10:09:40.023] [info] ExternalForce::Right Data source being set to FAILT01_SDP01_grf.mot
[2022-07-08 10:09:40.023] [info] ExternalForce::Left Data source being set to FAILT01_SDP01_grf.mot
[2022-07-08 10:09:40.130] [info] Storage: read data file = FAILT01_SDP01_grf.mot (nr=4460 nc=19)
[2022-07-08 10:09:40.181] [info] ExternalForce::Right Data source being set to FAILT01_SDP01_grf.mot
[2022-07-08 10:09:40.181] [info] ExternalForce::Left Data source being set to FAILT01_SDP01_grf.mot
[2022-07-08 10:09:40.258] [info] Storage: read data file = FAILT01_SDP01_grf.mot (nr=4460 nc=19)
[2022-07-08 10:09:40.307] [info] ExternalForce::Right Data source being set to FAILT01_SDP01_grf.mot
[2022-07-08 10:09:40.307] [info] ExternalForce::Left Data source being set to FAILT01_SDP01_grf.mot
[2022-07-08 10:09:40.354] [info] Number of threads: 8
[2022-07-08 13:44:37.329] [info] Set log level to Info.
[2022-07-08 13:44:37.369] [info] ------------------------------------------------------------------------
[2022-07-08 13:44:37.369] [info] Elapsed real time: 12900 second(s) (3 hour(s), 35 minute(s), 0 second(s)).
[2022-07-08 13:44:37.369] [info] 8/07/2022 1:44:37 PM
[2022-07-08 13:44:37.369] [warning] MocoCasADiSolver did NOT succeed:
[2022-07-08 13:44:37.369] [warning]   User_Requested_Stop
[2022-07-08 13:44:37.369] [info] ========================================================================
